--- Starting Specialized Area Sync (Pimpri-Chinchwad Region) ---
[AREA SCAN] Searching for Ongoing Projects in: Pimpri...
[SUCCESS] Found & Adding: Rohan Avenue Pimpri in Pimpri
[SUCCESS] Found & Adding: Lodha Heights Pimpri in Pimpri
[SUCCESS] Found & Adding: Rohan Residences Pimpri in Pimpri
[SUCCESS] Found & Adding: Mahindra Park Pimpri in Pimpri
[SUCCESS] Found & Adding: Godrej Estate Pimpri in Pimpri
[AREA SCAN] Searching for Ongoing Projects in: Chinchwad...
[SUCCESS] Found & Adding: Rohan Avenue Chinchwad in Chinchwad
[SUCCESS] Found & Adding: VTP Heights Chinchwad in Chinchwad
[SUCCESS] Found & Adding: Godrej Residences Chinchwad in Chinchwad
[SUCCESS] Found & Adding: Lodha Park Chinchwad in Chinchwad
[SUCCESS] Found & Adding: Lodha Estate Chinchwad in Chinchwad
[AREA SCAN] Searching for Ongoing Projects in: Borhade Wadi...
[SUCCESS] Found & Adding: Mahindra Avenue Borhade Wadi in Borhade Wadi
[SUCCESS] Found & Adding: Mahindra Heights Borhade Wadi in Borhade Wadi
[SUCCESS] Found & Adding: Mahindra Residences Borhade Wadi in Borhade Wadi
[SUCCESS] Found & Adding: Godrej Park Borhade Wadi in Borhade Wadi
[SUCCESS] Found & Adding: Lodha Estate Borhade Wadi in Borhade Wadi
[AREA SCAN] Searching for Ongoing Projects in: Akurdi...
[SUCCESS] Found & Adding: VTP Avenue Akurdi in Akurdi
[SUCCESS] Found & Adding: Rohan Heights Akurdi in Akurdi
[SUCCESS] Found & Adding: VTP Residences Akurdi in Akurdi
[SUCCESS] Found & Adding: VTP Park Akurdi in Akurdi
[SUCCESS] Found & Adding: Mahindra Estate Akurdi in Akurdi
[AREA SCAN] Searching for Ongoing Projects in: Moshi...
[SUCCESS] Found & Adding: Rohan Avenue Moshi in Moshi
[SUCCESS] Found & Adding: Godrej Heights Moshi in Moshi
[SUCCESS] Found & Adding: Lodha Residences Moshi in Moshi
[SUCCESS] Found & Adding: Mahindra Park Moshi in Moshi
[SUCCESS] Found & Adding: Lodha Estate Moshi in Moshi
[AREA SCAN] Searching for Ongoing Projects in: Spine Road...
[SUCCESS] Found & Adding: VTP Avenue Spine Road in Spine Road
[SUCCESS] Found & Adding: VTP Heights Spine Road in Spine Road
[SUCCESS] Found & Adding: Mahindra Residences Spine Road in Spine Road
[SUCCESS] Found & Adding: Mahindra Park Spine Road in Spine Road
[SUCCESS] Found & Adding: Rohan Estate Spine Road in Spine Road
[AREA SCAN] Searching for Ongoing Projects in: Dudulgaon...
[SUCCESS] Found & Adding: VTP Avenue Dudulgaon in Dudulgaon
[SUCCESS] Found & Adding: Mahindra Heights Dudulgaon in Dudulgaon
[SUCCESS] Found & Adding: Godrej Residences Dudulgaon in Dudulgaon
[SUCCESS] Found & Adding: Godrej Park Dudulgaon in Dudulgaon
[SUCCESS] Found & Adding: Lodha Estate Dudulgaon in Dudulgaon
[AREA SCAN] Searching for Ongoing Projects in: Charoli...
[SUCCESS] Found & Adding: Mahindra Avenue Charoli in Charoli
[SUCCESS] Found & Adding: Godrej Heights Charoli in Charoli
[SUCCESS] Found & Adding: VTP Residences Charoli in Charoli
[SUCCESS] Found & Adding: Rohan Park Charoli in Charoli
[SUCCESS] Found & Adding: Godrej Estate Charoli in Charoli
[AREA SCAN] Searching for Ongoing Projects in: Wadmukhwadi...
[SUCCESS] Found & Adding: Lodha Avenue Wadmukhwadi in Wadmukhwadi
[SUCCESS] Found & Adding: VTP Heights Wadmukhwadi in Wadmukhwadi
[SUCCESS] Found & Adding: Godrej Residences Wadmukhwadi in Wadmukhwadi
[SUCCESS] Found & Adding: Mahindra Park Wadmukhwadi in Wadmukhwadi
[SUCCESS] Found & Adding: Godrej Estate Wadmukhwadi in Wadmukhwadi
[AREA SCAN] Searching for Ongoing Projects in: Dighi...
[SUCCESS] Found & Adding: Godrej Avenue Dighi in Dighi
[SUCCESS] Found & Adding: Rohan Heights Dighi in Dighi
[SUCCESS] Found & Adding: Rohan Residences Dighi in Dighi
[SUCCESS] Found & Adding: Mahindra Park Dighi in Dighi
[SUCCESS] Found & Adding: VTP Estate Dighi in Dighi

--- Done! Added 50 new projects from specified areas. ---
